# JRE version: OpenJDK Runtime Environment (8.0_152-b06) (build 1.8.0_152-release-1136-b06)
# Java VM: OpenJDK 64-Bit Server VM (25.152-b06 mixed mode windows-amd64 compressed oops)
Heap:
 PSYoungGen      total 219648K, used 95278K [0x00000000e0000000, 0x00000000f0c80000, 0x0000000100000000)
  eden space 200192K, 40% used [0x00000000e0000000,0x00000000e5001670,0x00000000ec380000)
  from space 19456K, 68% used [0x00000000ec380000,0x00000000ed08a468,0x00000000ed680000)
  to   space 19968K, 0% used [0x00000000ef900000,0x00000000ef900000,0x00000000f0c80000)
 ParOldGen       total 93696K, used 53218K [0x00000000a0000000, 0x00000000a5b80000, 0x00000000e0000000)
  object space 93696K, 56% used [0x00000000a0000000,0x00000000a33f8a88,0x00000000a5b80000)
 Metaspace       used 73077K, capacity 75558K, committed 75608K, reserved 1114112K
  class space    used 9452K, capacity 10069K, committed 10112K, reserved 1048576K
GC Heap History (10 events):
Event: 27.192 GC heap before
{Heap before GC invocations=14 (full 2):
 PSYoungGen      total 141312K, used 131729K [0x00000000e0000000, 0x00000000ec180000, 0x0000000100000000)
  eden space 129536K, 92% used [0x00000000e0000000,0x00000000e7529678,0x00000000e7e80000)
  from space 11776K, 99% used [0x00000000e7e80000,0x00000000e89fb108,0x00000000e8a00000)
  to   space 15360K, 0% used [0x00000000eb280000,0x00000000eb280000,0x00000000ec180000)
 ParOldGen       total 55808K, used 20710K [0x00000000a0000000, 0x00000000a3680000, 0x00000000e0000000)
  object space 55808K, 37% used [0x00000000a0000000,0x00000000a1439818,0x00000000a3680000)
 Metaspace       used 57252K, capacity 59010K, committed 59028K, reserved 1099776K
  class space    used 7711K, capacity 8175K, committed 8192K, reserved 1048576K
Event: 27.230 GC heap after
Heap after GC invocations=14 (full 2):
 PSYoungGen      total 181760K, used 12627K [0x00000000e0000000, 0x00000000ec480000, 0x0000000100000000)
  eden space 166400K, 0% used [0x00000000e0000000,0x00000000e0000000,0x00000000ea280000)
  from space 15360K, 82% used [0x00000000eb280000,0x00000000ebed4f28,0x00000000ec180000)
  to   space 16384K, 0% used [0x00000000ea280000,0x00000000ea280000,0x00000000eb280000)
 ParOldGen       total 55808K, used 29777K [0x00000000a0000000, 0x00000000a3680000, 0x00000000e0000000)
  object space 55808K, 53% used [0x00000000a0000000,0x00000000a1d147b0,0x00000000a3680000)
 Metaspace       used 57252K, capacity 59010K, committed 59028K, reserved 1099776K
  class space    used 7711K, capacity 8175K, committed 8192K, reserved 1048576K
}
Event: 27.230 GC heap before
{Heap before GC invocations=15 (full 3):
 PSYoungGen      total 181760K, used 12627K [0x00000000e0000000, 0x00000000ec480000, 0x0000000100000000)
  eden space 166400K, 0% used [0x00000000e0000000,0x00000000e0000000,0x00000000ea280000)
  from space 15360K, 82% used [0x00000000eb280000,0x00000000ebed4f28,0x00000000ec180000)
  to   space 16384K, 0% used [0x00000000ea280000,0x00000000ea280000,0x00000000eb280000)
 ParOldGen       total 55808K, used 29777K [0x00000000a0000000, 0x00000000a3680000, 0x00000000e0000000)
  object space 55808K, 53% used [0x00000000a0000000,0x00000000a1d147b0,0x00000000a3680000)
 Metaspace       used 57252K, capacity 59010K, committed 59028K, reserved 1099776K
  class space    used 7711K, capacity 8175K, committed 8192K, reserved 1048576K
Event: 27.550 GC heap after
Heap after GC invocations=15 (full 3):
 PSYoungGen      total 181760K, used 0K [0x00000000e0000000, 0x00000000ec480000, 0x0000000100000000)
  eden space 166400K, 0% used [0x00000000e0000000,0x00000000e0000000,0x00000000ea280000)
  from space 15360K, 0% used [0x00000000eb280000,0x00000000eb280000,0x00000000ec180000)
  to   space 16384K, 0% used [0x00000000ea280000,0x00000000ea280000,0x00000000eb280000)
 ParOldGen       total 93696K, used 36343K [0x00000000a0000000, 0x00000000a5b80000, 0x00000000e0000000)
  object space 93696K, 38% used [0x00000000a0000000,0x00000000a237def0,0x00000000a5b80000)
 Metaspace       used 57229K, capacity 58922K, committed 59028K, reserved 1099776K
  class space    used 7704K, capacity 8167K, committed 8192K, reserved 1048576K
}
Event: 30.009 GC heap before
{Heap before GC invocations=16 (full 3):
 PSYoungGen      total 181760K, used 166400K [0x00000000e0000000, 0x00000000ec480000, 0x0000000100000000)
  eden space 166400K, 100% used [0x00000000e0000000,0x00000000ea280000,0x00000000ea280000)
  from space 15360K, 0% used [0x00000000eb280000,0x00000000eb280000,0x00000000ec180000)
  to   space 16384K, 0% used [0x00000000ea280000,0x00000000ea280000,0x00000000eb280000)
 ParOldGen       total 93696K, used 36343K [0x00000000a0000000, 0x00000000a5b80000, 0x00000000e0000000)
  object space 93696K, 38% used [0x00000000a0000000,0x00000000a237def0,0x00000000a5b80000)
 Metaspace       used 60413K, capacity 62246K, committed 62424K, reserved 1103872K
  class space    used 8214K, capacity 8693K, committed 8704K, reserved 1048576K
Event: 30.078 GC heap after
Heap after GC invocations=16 (full 3):
 PSYoungGen      total 182784K, used 16371K [0x00000000e0000000, 0x00000000eee80000, 0x0000000100000000)
  eden space 166400K, 0% used [0x00000000e0000000,0x00000000e0000000,0x00000000ea280000)
  from space 16384K, 99% used [0x00000000ea280000,0x00000000eb27ce20,0x00000000eb280000)
  to   space 19456K, 0% used [0x00000000edb80000,0x00000000edb80000,0x00000000eee80000)
 ParOldGen       total 93696K, used 37642K [0x00000000a0000000, 0x00000000a5b80000, 0x00000000e0000000)
  object space 93696K, 40% used [0x00000000a0000000,0x00000000a24c2958,0x00000000a5b80000)
 Metaspace       used 60413K, capacity 62246K, committed 62424K, reserved 1103872K
  class space    used 8214K, capacity 8693K, committed 8704K, reserved 1048576K
}
Event: 54.930 GC heap before
{Heap before GC invocations=17 (full 3):
 PSYoungGen      total 182784K, used 182771K [0x00000000e0000000, 0x00000000eee80000, 0x0000000100000000)
  eden space 166400K, 100% used [0x00000000e0000000,0x00000000ea280000,0x00000000ea280000)
  from space 16384K, 99% used [0x00000000ea280000,0x00000000eb27ce20,0x00000000eb280000)
  to   space 19456K, 0% used [0x00000000edb80000,0x00000000edb80000,0x00000000eee80000)
 ParOldGen       total 93696K, used 37642K [0x00000000a0000000, 0x00000000a5b80000, 0x00000000e0000000)
  object space 93696K, 40% used [0x00000000a0000000,0x00000000a24c2958,0x00000000a5b80000)
 Metaspace       used 68532K, capacity 70762K, committed 71000K, reserved 1110016K
  class space    used 8977K, capacity 9547K, committed 9600K, reserved 1048576K
Event: 54.988 GC heap after
Heap after GC invocations=17 (full 3):
 PSYoungGen      total 214528K, used 11936K [0x00000000e0000000, 0x00000000ee980000, 0x0000000100000000)
  eden space 200192K, 0% used [0x00000000e0000000,0x00000000e0000000,0x00000000ec380000)
  from space 14336K, 83% used [0x00000000edb80000,0x00000000ee7281b8,0x00000000ee980000)
  to   space 19456K, 0% used [0x00000000ec380000,0x00000000ec380000,0x00000000ed680000)
 ParOldGen       total 93696K, used 53210K [0x00000000a0000000, 0x00000000a5b80000, 0x00000000e0000000)
  object space 93696K, 56% used [0x00000000a0000000,0x00000000a33f6a88,0x00000000a5b80000)
 Metaspace       used 68532K, capacity 70762K, committed 71000K, reserved 1110016K
  class space    used 8977K, capacity 9547K, committed 9600K, reserved 1048576K
}
Event: 78.796 GC heap before
{Heap before GC invocations=18 (full 3):
 PSYoungGen      total 214528K, used 212128K [0x00000000e0000000, 0x00000000ee980000, 0x0000000100000000)
  eden space 200192K, 100% used [0x00000000e0000000,0x00000000ec380000,0x00000000ec380000)
  from space 14336K, 83% used [0x00000000edb80000,0x00000000ee7281b8,0x00000000ee980000)
  to   space 19456K, 0% used [0x00000000ec380000,0x00000000ec380000,0x00000000ed680000)
 ParOldGen       total 93696K, used 53210K [0x00000000a0000000, 0x00000000a5b80000, 0x00000000e0000000)
  object space 93696K, 56% used [0x00000000a0000000,0x00000000a33f6a88,0x00000000a5b80000)
 Metaspace       used 71758K, capacity 74138K, committed 74456K, reserved 1114112K
  class space    used 9343K, capacity 9941K, committed 9984K, reserved 1048576K
Event: 78.835 GC heap after
Heap after GC invocations=18 (full 3):
 PSYoungGen      total 219648K, used 13353K [0x00000000e0000000, 0x00000000f0c80000, 0x0000000100000000)
  eden space 200192K, 0% used [0x00000000e0000000,0x00000000e0000000,0x00000000ec380000)
  from space 19456K, 68% used [0x00000000ec380000,0x00000000ed08a468,0x00000000ed680000)
  to   space 19968K, 0% used [0x00000000ef900000,0x00000000ef900000,0x00000000f0c80000)
 ParOldGen       total 93696K, used 53218K [0x00000000a0000000, 0x00000000a5b80000, 0x00000000e0000000)
  object space 93696K, 56% used [0x00000000a0000000,0x00000000a33f8a88,0x00000000a5b80000)
 Metaspace       used 71758K, capacity 74138K, committed 74456K, reserved 1114112K
  class space    used 9343K, capacity 9941K, committed 9984K, reserved 1048576K
}

